{"/home/x07/Documentos/projects/serverless/test05/src/services/users/endpoints/createUser.js": {"path":"/home/x07/Documentos/projects/serverless/test05/src/services/users/endpoints/createUser.js","statementMap":{"0":{"start":{"line":3,"column":12},"end":{"line":3,"column":30}},"1":{"start":{"line":4,"column":14},"end":{"line":4,"column":36}},"2":{"start":{"line":5,"column":35},"end":{"line":5,"column":85}},"3":{"start":{"line":7,"column":25},"end":{"line":7,"column":61}},"4":{"start":{"line":8,"column":23},"end":{"line":8,"column":62}},"5":{"start":{"line":9,"column":28},"end":{"line":9,"column":72}},"6":{"start":{"line":10,"column":20},"end":{"line":10,"column":42}},"7":{"start":{"line":11,"column":29},"end":{"line":11,"column":74}},"8":{"start":{"line":12,"column":13},"end":{"line":12,"column":59}},"9":{"start":{"line":14,"column":12},"end":{"line":14,"column":25}},"10":{"start":{"line":16,"column":16},"end":{"line":40,"column":2}},"11":{"start":{"line":17,"column":15},"end":{"line":17,"column":25}},"12":{"start":{"line":19,"column":2},"end":{"line":39,"column":3}},"13":{"start":{"line":20,"column":4},"end":{"line":20,"column":28}},"14":{"start":{"line":22,"column":17},"end":{"line":22,"column":40}},"15":{"start":{"line":24,"column":4},"end":{"line":29,"column":5}},"16":{"start":{"line":33,"column":4},"end":{"line":34,"column":78}},"17":{"start":{"line":34,"column":6},"end":{"line":34,"column":78}},"18":{"start":{"line":38,"column":4},"end":{"line":38,"column":26}},"19":{"start":{"line":42,"column":0},"end":{"line":47,"column":47}},"20":{"start":{"line":49,"column":0},"end":{"line":49,"column":28}}},"fnMap":{"0":{"name":"(anonymous_0)","decl":{"start":{"line":16,"column":22},"end":{"line":16,"column":23}},"loc":{"start":{"line":16,"column":47},"end":{"line":40,"column":1}},"line":16}},"branchMap":{"0":{"loc":{"start":{"line":33,"column":4},"end":{"line":34,"column":78}},"type":"if","locations":[{"start":{"line":33,"column":4},"end":{"line":34,"column":78}},{"start":{"line":33,"column":4},"end":{"line":34,"column":78}}],"line":33}},"s":{"0":1,"1":1,"2":1,"3":1,"4":1,"5":1,"6":1,"7":1,"8":1,"9":1,"10":1,"11":3,"12":3,"13":3,"14":3,"15":1,"16":2,"17":1,"18":1,"19":1,"20":1},"f":{"0":3},"b":{"0":[1,1]},"_coverageSchema":"43e27e138ebf9cfc5966b082cf9a028302ed4184","hash":"afcccd09d4815384ed25d03de338504768624687"}
,"/home/x07/Documentos/projects/serverless/test05/src/services/users/endpoints/deleteUser.js": {"path":"/home/x07/Documentos/projects/serverless/test05/src/services/users/endpoints/deleteUser.js","statementMap":{},"fnMap":{},"branchMap":{},"s":{},"f":{},"b":{},"hash":"68419ddfeaf2351473b30102ce8891abc41d7b7d"}
,"/home/x07/Documentos/projects/serverless/test05/src/services/users/endpoints/findOneUser.js": {"path":"/home/x07/Documentos/projects/serverless/test05/src/services/users/endpoints/findOneUser.js","statementMap":{"0":{"start":{"line":3,"column":14},"end":{"line":3,"column":36}},"1":{"start":{"line":4,"column":35},"end":{"line":4,"column":85}},"2":{"start":{"line":6,"column":24},"end":{"line":6,"column":60}},"3":{"start":{"line":7,"column":20},"end":{"line":7,"column":42}},"4":{"start":{"line":8,"column":21},"end":{"line":8,"column":39}},"5":{"start":{"line":9,"column":29},"end":{"line":9,"column":74}},"6":{"start":{"line":10,"column":13},"end":{"line":10,"column":59}},"7":{"start":{"line":12,"column":16},"end":{"line":35,"column":2}},"8":{"start":{"line":13,"column":2},"end":{"line":34,"column":3}},"9":{"start":{"line":14,"column":4},"end":{"line":14,"column":28}},"10":{"start":{"line":16,"column":19},"end":{"line":16,"column":39}},"11":{"start":{"line":18,"column":4},"end":{"line":18,"column":69}},"12":{"start":{"line":18,"column":31},"end":{"line":18,"column":69}},"13":{"start":{"line":20,"column":17},"end":{"line":20,"column":40}},"14":{"start":{"line":22,"column":4},"end":{"line":22,"column":59}},"15":{"start":{"line":22,"column":15},"end":{"line":22,"column":59}},"16":{"start":{"line":24,"column":4},"end":{"line":29,"column":5}},"17":{"start":{"line":31,"column":4},"end":{"line":31,"column":70}},"18":{"start":{"line":31,"column":24},"end":{"line":31,"column":70}},"19":{"start":{"line":33,"column":4},"end":{"line":33,"column":26}},"20":{"start":{"line":37,"column":0},"end":{"line":40,"column":25}},"21":{"start":{"line":42,"column":0},"end":{"line":42,"column":28}}},"fnMap":{"0":{"name":"(anonymous_0)","decl":{"start":{"line":12,"column":22},"end":{"line":12,"column":23}},"loc":{"start":{"line":12,"column":48},"end":{"line":35,"column":1}},"line":12}},"branchMap":{"0":{"loc":{"start":{"line":18,"column":4},"end":{"line":18,"column":69}},"type":"if","locations":[{"start":{"line":18,"column":4},"end":{"line":18,"column":69}},{"start":{"line":18,"column":4},"end":{"line":18,"column":69}}],"line":18},"1":{"loc":{"start":{"line":22,"column":4},"end":{"line":22,"column":59}},"type":"if","locations":[{"start":{"line":22,"column":4},"end":{"line":22,"column":59}},{"start":{"line":22,"column":4},"end":{"line":22,"column":59}}],"line":22},"2":{"loc":{"start":{"line":31,"column":4},"end":{"line":31,"column":70}},"type":"if","locations":[{"start":{"line":31,"column":4},"end":{"line":31,"column":70}},{"start":{"line":31,"column":4},"end":{"line":31,"column":70}}],"line":31}},"s":{"0":1,"1":1,"2":1,"3":1,"4":1,"5":1,"6":1,"7":1,"8":4,"9":4,"10":4,"11":4,"12":1,"13":3,"14":2,"15":1,"16":1,"17":3,"18":2,"19":1,"20":1,"21":1},"f":{"0":4},"b":{"0":[1,3],"1":[1,1],"2":[2,1]},"_coverageSchema":"43e27e138ebf9cfc5966b082cf9a028302ed4184","hash":"4bad9f3d21d0610a60e024dea67962cf4de52bec"}
,"/home/x07/Documentos/projects/serverless/test05/src/services/users/endpoints/findUsers.js": {"path":"/home/x07/Documentos/projects/serverless/test05/src/services/users/endpoints/findUsers.js","statementMap":{"0":{"start":{"line":3,"column":14},"end":{"line":3,"column":36}},"1":{"start":{"line":4,"column":35},"end":{"line":4,"column":85}},"2":{"start":{"line":5,"column":15},"end":{"line":5,"column":39}},"3":{"start":{"line":6,"column":25},"end":{"line":6,"column":61}},"4":{"start":{"line":7,"column":20},"end":{"line":7,"column":42}},"5":{"start":{"line":8,"column":29},"end":{"line":8,"column":74}},"6":{"start":{"line":9,"column":13},"end":{"line":9,"column":59}},"7":{"start":{"line":11,"column":16},"end":{"line":28,"column":2}},"8":{"start":{"line":12,"column":2},"end":{"line":27,"column":3}},"9":{"start":{"line":13,"column":4},"end":{"line":13,"column":28}},"10":{"start":{"line":15,"column":17},"end":{"line":15,"column":34}},"11":{"start":{"line":17,"column":4},"end":{"line":22,"column":5}},"12":{"start":{"line":24,"column":4},"end":{"line":25,"column":16}},"13":{"start":{"line":26,"column":4},"end":{"line":26,"column":26}},"14":{"start":{"line":30,"column":0},"end":{"line":33,"column":26}},"15":{"start":{"line":35,"column":0},"end":{"line":35,"column":28}}},"fnMap":{"0":{"name":"(anonymous_0)","decl":{"start":{"line":11,"column":22},"end":{"line":11,"column":23}},"loc":{"start":{"line":11,"column":48},"end":{"line":28,"column":1}},"line":11}},"branchMap":{},"s":{"0":1,"1":1,"2":1,"3":1,"4":1,"5":1,"6":1,"7":1,"8":2,"9":2,"10":2,"11":1,"12":1,"13":1,"14":1,"15":1},"f":{"0":2},"b":{},"_coverageSchema":"43e27e138ebf9cfc5966b082cf9a028302ed4184","hash":"30277bed99f93d816e6e276fea1794e84905a2ae"}
,"/home/x07/Documentos/projects/serverless/test05/src/services/users/endpoints/updateUser.js": {"path":"/home/x07/Documentos/projects/serverless/test05/src/services/users/endpoints/updateUser.js","statementMap":{},"fnMap":{},"branchMap":{},"s":{},"f":{},"b":{},"hash":"5ee999bb7294a5921cf44d22d5afc26cc95a56e1"}
}
