{"/home/x07/Documentos/projects/serverless/test05/src/services/users/endpoints/createUser.js": {"path":"/home/x07/Documentos/projects/serverless/test05/src/services/users/endpoints/createUser.js","statementMap":{"0":{"start":{"line":3,"column":12},"end":{"line":3,"column":30}},"1":{"start":{"line":4,"column":14},"end":{"line":4,"column":36}},"2":{"start":{"line":5,"column":35},"end":{"line":5,"column":85}},"3":{"start":{"line":7,"column":25},"end":{"line":7,"column":61}},"4":{"start":{"line":8,"column":23},"end":{"line":8,"column":62}},"5":{"start":{"line":9,"column":28},"end":{"line":9,"column":72}},"6":{"start":{"line":10,"column":20},"end":{"line":10,"column":42}},"7":{"start":{"line":11,"column":29},"end":{"line":11,"column":74}},"8":{"start":{"line":12,"column":13},"end":{"line":12,"column":59}},"9":{"start":{"line":14,"column":12},"end":{"line":14,"column":25}},"10":{"start":{"line":16,"column":16},"end":{"line":40,"column":2}},"11":{"start":{"line":17,"column":15},"end":{"line":17,"column":25}},"12":{"start":{"line":19,"column":2},"end":{"line":39,"column":3}},"13":{"start":{"line":20,"column":4},"end":{"line":20,"column":28}},"14":{"start":{"line":22,"column":17},"end":{"line":22,"column":40}},"15":{"start":{"line":24,"column":4},"end":{"line":29,"column":5}},"16":{"start":{"line":33,"column":4},"end":{"line":34,"column":78}},"17":{"start":{"line":34,"column":6},"end":{"line":34,"column":78}},"18":{"start":{"line":38,"column":4},"end":{"line":38,"column":26}},"19":{"start":{"line":42,"column":0},"end":{"line":47,"column":47}},"20":{"start":{"line":49,"column":0},"end":{"line":49,"column":28}}},"fnMap":{"0":{"name":"(anonymous_0)","decl":{"start":{"line":16,"column":22},"end":{"line":16,"column":23}},"loc":{"start":{"line":16,"column":47},"end":{"line":40,"column":1}},"line":16}},"branchMap":{"0":{"loc":{"start":{"line":33,"column":4},"end":{"line":34,"column":78}},"type":"if","locations":[{"start":{"line":33,"column":4},"end":{"line":34,"column":78}},{"start":{"line":33,"column":4},"end":{"line":34,"column":78}}],"line":33}},"s":{"0":1,"1":1,"2":1,"3":1,"4":1,"5":1,"6":1,"7":1,"8":1,"9":1,"10":1,"11":2,"12":2,"13":2,"14":2,"15":1,"16":1,"17":1,"18":0,"19":1,"20":1},"f":{"0":2},"b":{"0":[1,0]},"_coverageSchema":"43e27e138ebf9cfc5966b082cf9a028302ed4184","hash":"afcccd09d4815384ed25d03de338504768624687"}
,"/home/x07/Documentos/projects/serverless/test05/src/services/users/endpoints/deleteUser.js": {"path":"/home/x07/Documentos/projects/serverless/test05/src/services/users/endpoints/deleteUser.js","statementMap":{},"fnMap":{},"branchMap":{},"s":{},"f":{},"b":{},"hash":"68419ddfeaf2351473b30102ce8891abc41d7b7d"}
,"/home/x07/Documentos/projects/serverless/test05/src/services/users/endpoints/findOneUser.js": {"path":"/home/x07/Documentos/projects/serverless/test05/src/services/users/endpoints/findOneUser.js","statementMap":{"0":{"start":{"line":3,"column":14},"end":{"line":3,"column":36}},"1":{"start":{"line":4,"column":35},"end":{"line":4,"column":85}},"2":{"start":{"line":6,"column":24},"end":{"line":6,"column":60}},"3":{"start":{"line":7,"column":20},"end":{"line":7,"column":42}},"4":{"start":{"line":8,"column":21},"end":{"line":8,"column":39}},"5":{"start":{"line":9,"column":29},"end":{"line":9,"column":74}},"6":{"start":{"line":10,"column":13},"end":{"line":10,"column":59}},"7":{"start":{"line":12,"column":16},"end":{"line":38,"column":2}},"8":{"start":{"line":14,"column":2},"end":{"line":36,"column":3}},"9":{"start":{"line":15,"column":4},"end":{"line":15,"column":28}},"10":{"start":{"line":17,"column":26},"end":{"line":17,"column":46}},"11":{"start":{"line":19,"column":4},"end":{"line":19,"column":69}},"12":{"start":{"line":19,"column":31},"end":{"line":19,"column":69}},"13":{"start":{"line":21,"column":17},"end":{"line":21,"column":47}},"14":{"start":{"line":23,"column":4},"end":{"line":23,"column":59}},"15":{"start":{"line":23,"column":15},"end":{"line":23,"column":59}},"16":{"start":{"line":25,"column":4},"end":{"line":31,"column":5}},"17":{"start":{"line":33,"column":4},"end":{"line":33,"column":70}},"18":{"start":{"line":33,"column":24},"end":{"line":33,"column":70}},"19":{"start":{"line":35,"column":4},"end":{"line":35,"column":26}},"20":{"start":{"line":40,"column":0},"end":{"line":43,"column":25}},"21":{"start":{"line":45,"column":0},"end":{"line":45,"column":28}}},"fnMap":{"0":{"name":"(anonymous_0)","decl":{"start":{"line":12,"column":22},"end":{"line":12,"column":23}},"loc":{"start":{"line":12,"column":47},"end":{"line":38,"column":1}},"line":12}},"branchMap":{"0":{"loc":{"start":{"line":17,"column":12},"end":{"line":17,"column":21}},"type":"default-arg","locations":[{"start":{"line":17,"column":17},"end":{"line":17,"column":21}}],"line":17},"1":{"loc":{"start":{"line":19,"column":4},"end":{"line":19,"column":69}},"type":"if","locations":[{"start":{"line":19,"column":4},"end":{"line":19,"column":69}},{"start":{"line":19,"column":4},"end":{"line":19,"column":69}}],"line":19},"2":{"loc":{"start":{"line":23,"column":4},"end":{"line":23,"column":59}},"type":"if","locations":[{"start":{"line":23,"column":4},"end":{"line":23,"column":59}},{"start":{"line":23,"column":4},"end":{"line":23,"column":59}}],"line":23},"3":{"loc":{"start":{"line":33,"column":4},"end":{"line":33,"column":70}},"type":"if","locations":[{"start":{"line":33,"column":4},"end":{"line":33,"column":70}},{"start":{"line":33,"column":4},"end":{"line":33,"column":70}}],"line":33}},"s":{"0":0,"1":0,"2":0,"3":0,"4":0,"5":0,"6":0,"7":0,"8":0,"9":0,"10":0,"11":0,"12":0,"13":0,"14":0,"15":0,"16":0,"17":0,"18":0,"19":0,"20":0,"21":0},"f":{"0":0},"b":{"0":[0],"1":[0,0],"2":[0,0],"3":[0,0]},"hash":"f5a57e0afaffae1989ca0eeb57ce9ba595e1f0c9"}
,"/home/x07/Documentos/projects/serverless/test05/src/services/users/endpoints/findUsers.js": {"path":"/home/x07/Documentos/projects/serverless/test05/src/services/users/endpoints/findUsers.js","statementMap":{"0":{"start":{"line":3,"column":14},"end":{"line":3,"column":36}},"1":{"start":{"line":4,"column":35},"end":{"line":4,"column":85}},"2":{"start":{"line":5,"column":15},"end":{"line":5,"column":39}},"3":{"start":{"line":6,"column":25},"end":{"line":6,"column":61}},"4":{"start":{"line":7,"column":20},"end":{"line":7,"column":42}},"5":{"start":{"line":8,"column":29},"end":{"line":8,"column":74}},"6":{"start":{"line":9,"column":13},"end":{"line":9,"column":59}},"7":{"start":{"line":11,"column":16},"end":{"line":28,"column":2}},"8":{"start":{"line":12,"column":2},"end":{"line":27,"column":3}},"9":{"start":{"line":13,"column":4},"end":{"line":13,"column":28}},"10":{"start":{"line":15,"column":17},"end":{"line":15,"column":34}},"11":{"start":{"line":17,"column":4},"end":{"line":22,"column":5}},"12":{"start":{"line":24,"column":4},"end":{"line":25,"column":16}},"13":{"start":{"line":26,"column":4},"end":{"line":26,"column":26}},"14":{"start":{"line":30,"column":0},"end":{"line":33,"column":26}},"15":{"start":{"line":35,"column":0},"end":{"line":35,"column":28}}},"fnMap":{"0":{"name":"(anonymous_0)","decl":{"start":{"line":11,"column":22},"end":{"line":11,"column":23}},"loc":{"start":{"line":11,"column":48},"end":{"line":28,"column":1}},"line":11}},"branchMap":{},"s":{"0":1,"1":1,"2":1,"3":1,"4":1,"5":1,"6":1,"7":1,"8":1,"9":1,"10":1,"11":1,"12":0,"13":0,"14":1,"15":1},"f":{"0":1},"b":{},"_coverageSchema":"43e27e138ebf9cfc5966b082cf9a028302ed4184","hash":"30277bed99f93d816e6e276fea1794e84905a2ae"}
,"/home/x07/Documentos/projects/serverless/test05/src/services/users/endpoints/updateUser.js": {"path":"/home/x07/Documentos/projects/serverless/test05/src/services/users/endpoints/updateUser.js","statementMap":{},"fnMap":{},"branchMap":{},"s":{},"f":{},"b":{},"hash":"5ee999bb7294a5921cf44d22d5afc26cc95a56e1"}
}
