TN:
SF:/home/x07/Documentos/projects/serverless/test05/src/services/users/endpoints/createUser.js
FN:16,(anonymous_0)
FNF:1
FNH:1
FNDA:3,(anonymous_0)
DA:3,1
DA:4,1
DA:5,1
DA:7,1
DA:8,1
DA:9,1
DA:10,1
DA:11,1
DA:12,1
DA:14,1
DA:16,1
DA:17,3
DA:19,3
DA:20,3
DA:22,3
DA:24,1
DA:33,2
DA:34,1
DA:38,1
DA:42,1
DA:49,1
LF:21
LH:21
BRDA:33,0,0,1
BRDA:33,0,1,1
BRF:2
BRH:2
end_of_record
TN:
SF:/home/x07/Documentos/projects/serverless/test05/src/services/users/endpoints/deleteUser.js
FNF:0
FNH:0
LF:0
LH:0
BRF:0
BRH:0
end_of_record
TN:
SF:/home/x07/Documentos/projects/serverless/test05/src/services/users/endpoints/findOneUser.js
FN:12,(anonymous_0)
FNF:1
FNH:1
FNDA:4,(anonymous_0)
DA:3,1
DA:4,1
DA:6,1
DA:7,1
DA:8,1
DA:9,1
DA:10,1
DA:12,1
DA:13,4
DA:14,4
DA:16,4
DA:18,4
DA:20,3
DA:22,2
DA:24,1
DA:31,3
DA:33,1
DA:37,1
DA:42,1
LF:19
LH:19
BRDA:18,0,0,1
BRDA:18,0,1,3
BRDA:22,1,0,1
BRDA:22,1,1,1
BRDA:31,2,0,2
BRDA:31,2,1,1
BRF:6
BRH:6
end_of_record
TN:
SF:/home/x07/Documentos/projects/serverless/test05/src/services/users/endpoints/findUsers.js
FN:11,(anonymous_0)
FNF:1
FNH:1
FNDA:2,(anonymous_0)
DA:3,1
DA:4,1
DA:5,1
DA:6,1
DA:7,1
DA:8,1
DA:9,1
DA:11,1
DA:12,2
DA:13,2
DA:15,2
DA:17,1
DA:24,1
DA:26,1
DA:30,1
DA:35,1
LF:16
LH:16
BRF:0
BRH:0
end_of_record
TN:
SF:/home/x07/Documentos/projects/serverless/test05/src/services/users/endpoints/updateUser.js
FNF:0
FNH:0
LF:0
LH:0
BRF:0
BRH:0
end_of_record
