TN:
SF:/home/x07/Documentos/projects/serverless/test05/src/services/users/endpoints/createUser.js
FN:16,(anonymous_0)
FNF:1
FNH:1
FNDA:2,(anonymous_0)
DA:3,1
DA:4,1
DA:5,1
DA:7,1
DA:8,1
DA:9,1
DA:10,1
DA:11,1
DA:12,1
DA:14,1
DA:16,1
DA:17,2
DA:19,2
DA:20,2
DA:22,2
DA:24,1
DA:33,1
DA:34,1
DA:38,0
DA:42,1
DA:49,1
LF:21
LH:20
BRDA:33,0,0,1
BRDA:33,0,1,0
BRF:2
BRH:1
end_of_record
TN:
SF:/home/x07/Documentos/projects/serverless/test05/src/services/users/endpoints/deleteUser.js
FNF:0
FNH:0
LF:0
LH:0
BRF:0
BRH:0
end_of_record
TN:
SF:/home/x07/Documentos/projects/serverless/test05/src/services/users/endpoints/findOneUser.js
FN:12,(anonymous_0)
FNF:1
FNH:0
FNDA:0,(anonymous_0)
DA:3,0
DA:4,0
DA:6,0
DA:7,0
DA:8,0
DA:9,0
DA:10,0
DA:12,0
DA:14,0
DA:15,0
DA:17,0
DA:19,0
DA:21,0
DA:23,0
DA:25,0
DA:33,0
DA:35,0
DA:40,0
DA:45,0
LF:19
LH:0
BRDA:17,0,0,0
BRDA:19,1,0,0
BRDA:19,1,1,0
BRDA:23,2,0,0
BRDA:23,2,1,0
BRDA:33,3,0,0
BRDA:33,3,1,0
BRF:7
BRH:0
end_of_record
TN:
SF:/home/x07/Documentos/projects/serverless/test05/src/services/users/endpoints/findUsers.js
FN:11,(anonymous_0)
FNF:1
FNH:1
FNDA:1,(anonymous_0)
DA:3,1
DA:4,1
DA:5,1
DA:6,1
DA:7,1
DA:8,1
DA:9,1
DA:11,1
DA:12,1
DA:13,1
DA:15,1
DA:17,1
DA:24,0
DA:26,0
DA:30,1
DA:35,1
LF:16
LH:14
BRF:0
BRH:0
end_of_record
TN:
SF:/home/x07/Documentos/projects/serverless/test05/src/services/users/endpoints/updateUser.js
FNF:0
FNH:0
LF:0
LH:0
BRF:0
BRH:0
end_of_record
